COMMAND: uv run python src/matrixlab/cli.py run --radius 10000
STDERR:
Usage: cli.py run [OPTIONS]
Try 'cli.py run --help' for help.
╭─ Error ──────────────────────────────────────────────────────────────────────╮
│ No such option: --radius                                                     │
╰──────────────────────────────────────────────────────────────────────────────╯


COMMAND: uv run python src/matrixlab/cli.py run --cycles 10000
STDERR:
Usage: cli.py run [OPTIONS]
Try 'cli.py run --help' for help.
╭─ Error ──────────────────────────────────────────────────────────────────────╮
│ No such option: --cycles ('(Possible options: --cycles-per-case)',)          │
╰──────────────────────────────────────────────────────────────────────────────╯


COMMAND: uv run python src/matrixlab/cli.py run --max-cycles 10000
STDERR:
Usage: cli.py run [OPTIONS]
Try 'cli.py run --help' for help.
╭─ Error ──────────────────────────────────────────────────────────────────────╮
│ No such option: --max-cycles ('(Possible options: --max-cells)',)            │
╰──────────────────────────────────────────────────────────────────────────────╯


COMMAND: uv run python src/matrixlab/cli.py cycle --radius 10000
STDERR:
Usage: cli.py [OPTIONS] COMMAND [ARGS]...
Try 'cli.py --help' for help.
╭─ Error ──────────────────────────────────────────────────────────────────────╮
│ No such command 'cycle'.                                                     │
╰──────────────────────────────────────────────────────────────────────────────╯


COMMAND: uv run python src/matrixlab/cli.py harvest --radius 10000
STDERR:
Usage: cli.py [OPTIONS] COMMAND [ARGS]...
Try 'cli.py --help' for help.
╭─ Error ──────────────────────────────────────────────────────────────────────╮
│ No such command 'harvest'.                                                   │
╰──────────────────────────────────────────────────────────────────────────────╯
